<?xml version="1.0" encoding="UTF-8"?>
<!-- Generated by org.testng.reporters.JUnitReportReporter -->
<testsuite hostname="DESKTOP-5DGC31Q" failures="0" tests="1" name="businessComponents.GoogleFlights" time="4.995" errors="0" timestamp="10 Jun 2024 03:54:03 GMT">
  <testcase classname="businessComponents.GoogleFlights" name="windowHandle" time="4.995"/>
</testsuite> <!-- businessComponents.GoogleFlights -->
